<?xml version="1.0" encoding="UTF-8"?>
<testsuite xmlns:xsi="http://www.w3.org/2001/XMLSchema-instance" xsi:noNamespaceSchemaLocation="https://maven.apache.org/surefire/maven-surefire-plugin/xsd/surefire-test-report-3.0.xsd" version="3.0" name="com.paytr.tests.PayWithLinksTest" time="9.252" tests="3" errors="0" skipped="0" failures="0">
  <properties>
[...]
</properties>
  <testcase name="testCompleteFormSubmission" classname="com.paytr.tests.PayWithLinksTest" time="1.072">
    <system-out><![CDATA[2025-01-05 02:02:33 [main] INFO  com.paytr.tests.PayWithLinksTest - Navigating to Pay with Links page.
2025-01-05 02:02:33 [main] INFO  com.paytr.tests.PayWithLinksTest - Accepting cookies.
2025-01-05 02:02:33 [main] INFO  com.paytr.pages.BasePage - Clicked element by locator: By.xpath: /html/body/div[3]/div[@class='section-container']//button[.='Tümünü Kabul Et']
2025-01-05 02:02:33 [main] INFO  com.paytr.tests.PayWithLinksTest - Reading data from Excel file.
2025-01-05 02:02:34 [main] INFO  com.paytr.tests.PayWithLinksTest - Filling the form with Excel data.
2025-01-05 02:02:34 [main] INFO  com.paytr.pages.BasePage - Filled field By.id: first-name with value: Volkan
2025-01-05 02:02:34 [main] INFO  com.paytr.pages.BasePage - Filled field By.name: surname with value: Karagöl
2025-01-05 02:02:34 [main] INFO  com.paytr.pages.BasePage - Filled field By.id: email with value: krgllvolkan@paytr.com
2025-01-05 02:02:34 [main] INFO  com.paytr.pages.BasePage - Filled field By.name: website with value: www.linkedin.com/in/volkankaragol/
2025-01-05 02:02:34 [main] INFO  com.paytr.pages.BasePage - Filled field By.name: tel with value: 05399999999
2025-01-05 02:02:34 [main] INFO  com.paytr.tests.PayWithLinksTest - Selecting business type.
2025-01-05 02:02:34 [main] INFO  com.paytr.pages.BasePage - Clicked element by locator: By.xpath: //form[@id='contact-form']//div[.='İşletme Tipi']
2025-01-05 02:02:34 [main] INFO  com.paytr.pages.BasePage - Clicked element by locator: By.xpath: //form[@id='contact-form']//div[.='Şahıs İşletmesi (Vergi Levham Var)']
2025-01-05 02:02:34 [main] INFO  com.paytr.tests.PayWithLinksTest - Agreeing to terms.
2025-01-05 02:02:34 [main] INFO  com.paytr.pages.BasePage - Elemente JS ile tıklandı: By.id: telefon
2025-01-05 02:02:34 [main] INFO  com.paytr.tests.PayWithLinksTest - Submitting the form.
2025-01-05 02:02:34 [main] INFO  com.paytr.pages.BasePage - Clicked element by locator: By.xpath: //*[@id='contact-form']/button
2025-01-05 02:02:34 [main] INFO  com.paytr.tests.PayWithLinksTest - Form submitted successfully.
]]></system-out>
    <system-err><![CDATA[Oca 05, 2025 2:02:30 ÖÖ org.openqa.selenium.devtools.CdpVersionFinder findNearestMatch
WARNING: Unable to find CDP implementation matching 131
Oca 05, 2025 2:02:30 ÖÖ org.openqa.selenium.chromium.ChromiumDriver lambda$new$5
WARNING: Unable to find version of CDP to use for 131.0.6778.205. You may need to include a dependency on a specific version of the CDP using something similar to `org.seleniumhq.selenium:selenium-devtools-v86:4.11.0` where the version ("v86") matches the version of the chromium-based browser you're using and the version number of the artifact is the same as Selenium's.
]]></system-err>
  </testcase>
  <testcase name="testVerifyUrlAndClickPreApplication" classname="com.paytr.tests.PayWithLinksTest" time="2.056">
    <system-out><![CDATA[2025-01-05 02:02:34 [main] INFO  com.paytr.tests.PayWithLinksTest - Navigating to Pay with Links page.
2025-01-05 02:02:34 [main] INFO  com.paytr.tests.PayWithLinksTest - Verifying current URL for 'Üye İşyeri Olun'.
2025-01-05 02:02:34 [main] INFO  com.paytr.pages.BasePage - Checking URL... Current: https://www.paytr.com/linkle-odeme
2025-01-05 02:02:35 [main] INFO  com.paytr.pages.BasePage - Checking URL... Current: https://www.paytr.com/uye-isyeri-olun
2025-01-05 02:02:35 [main] INFO  com.paytr.pages.BasePage - Current URL matches expected URL: https://www.paytr.com/uye-isyeri-olun
2025-01-05 02:02:35 [main] INFO  com.paytr.tests.PayWithLinksTest - Clicking 'Ön Başvuru Yap' button.
2025-01-05 02:02:35 [main] INFO  com.paytr.pages.BasePage - Elemente JS ile tıklandı: By.xpath: //*[@id="__next"]/div/div[2]/div[2]/div/div/form/div[8]/div/button
2025-01-05 02:02:35 [main] INFO  com.paytr.tests.PayWithLinksTest - Filling additional form fields for pre-application.
2025-01-05 02:02:36 [main] INFO  com.paytr.pages.BasePage - Filled field By.id: company_title with value: Volkan A.S.
2025-01-05 02:02:36 [main] INFO  com.paytr.pages.BasePage - Filled field By.id: tc_no with value: 29657511646
2025-01-05 02:02:36 [main] INFO  com.paytr.pages.BasePage - Filled field By.id: tax_office with value: Ankara
2025-01-05 02:02:36 [main] INFO  com.paytr.pages.BasePage - Filled field By.id: monthly_sale with value: 200000
2025-01-05 02:02:36 [main] INFO  com.paytr.tests.PayWithLinksTest - Clicking 'Ön Başvuru Tamamla' button.
2025-01-05 02:02:36 [main] INFO  com.paytr.pages.BasePage - Clicked element by locator: By.xpath: //*[@id='__next']/div/div[2]/div[2]/div/div/form/div[6]/div/button
]]></system-out>
  </testcase>
  <testcase name="testVerifyThankYouMessageAndSaveReference" classname="com.paytr.tests.PayWithLinksTest" time="1.625">
    <system-out><![CDATA[2025-01-05 02:02:36 [main] INFO  com.paytr.tests.PayWithLinksTest - Navigating to Pay with Links page.
2025-01-05 02:02:36 [main] INFO  com.paytr.tests.PayWithLinksTest - Verifying thank you message.
2025-01-05 02:02:38 [main] INFO  com.paytr.pages.BasePage - Text of element By.xpath: //*[@id='__next']/div/div/div/h3: Teşekkürler, ön başvurunuz tarafımıza ulaşmıştır.
2025-01-05 02:02:38 [main] INFO  com.paytr.tests.PayWithLinksTest - Thank you message verified successfully: Teşekkürler, ön başvurunuz tarafımıza ulaşmıştır.
2025-01-05 02:02:38 [main] INFO  com.paytr.tests.PayWithLinksTest - Fetching reference details.
2025-01-05 02:02:38 [main] INFO  com.paytr.pages.BasePage - Text of element By.xpath: //*[@id='__next']/div/div/div/div/a: Referans no: 105763T64R031756
2025-01-05 02:02:38 [main] INFO  com.paytr.tests.PayWithLinksTest - Reference Key: Referans no, Value: 105763T64R031756
2025-01-05 02:02:38 [main] INFO  com.paytr.tests.PayWithLinksTest - Reference details saved to CSV file: src/test/resources/reference_data.csv
2025-01-05 02:02:38 [main] INFO  com.paytr.tests.PayWithLinksTest - Reference details saved to CSV.
]]></system-out>
  </testcase>
</testsuite>